<?xml version="1.0" encoding="UTF-8"?>
<!-- Generated by org.testng.reporters.JUnitReportReporter -->
<testsuite skipped="0" hostname="AUY-LT-103" name="test.TestCreateQuestion" tests="1" failures="0" timestamp="11 Sep 2018 14:50:28 GMT" time="37.291" errors="0">
  <testcase name="test_Create_Chatter_Question" time="37.291" classname="test.TestCreateQuestion"/>
</testsuite> <!-- test.TestCreateQuestion -->
