<?xml version="1.0" encoding="UTF-8"?>
<!-- Generated by org.testng.reporters.JUnitReportReporter -->
<testsuite skipped="0" hostname="AUY-LT-103" name="test.TestCreateCommentOnPost" tests="1" failures="0" timestamp="06 Sep 2018 14:28:08 GMT" time="61.280" errors="0">
  <testcase name="test_Create_Chatter_Post" time="61.280" classname="test.TestCreateCommentOnPost"/>
</testsuite> <!-- test.TestCreateCommentOnPost -->
