<?xml version="1.0" encoding="UTF-8"?>
<!-- Generated by org.testng.reporters.JUnitReportReporter -->
<testsuite skipped="0" hostname="AUY-LT-103" name="test.TestDeleteCommentOnPoll" tests="1" failures="0" timestamp="12 Sep 2018 13:00:57 GMT" time="84.846" errors="0">
  <testcase name="test_Delete_Comment_Poll" time="84.846" classname="test.TestDeleteCommentOnPoll"/>
</testsuite> <!-- test.TestDeleteCommentOnPoll -->
