<?xml version="1.0" encoding="UTF-8"?>
<!-- Generated by org.testng.reporters.JUnitReportReporter -->
<testsuite skipped="0" hostname="AUY-LT-103" name="test.TestEditQuestion" tests="1" failures="0" timestamp="11 Sep 2018 14:50:29 GMT" time="69.239" errors="0">
  <testcase name="test_Edit_Chatter_Question" time="69.239" classname="test.TestEditQuestion"/>
</testsuite> <!-- test.TestEditQuestion -->
