<?xml version="1.0" encoding="UTF-8"?>
<!-- Generated by org.testng.reporters.JUnitReportReporter -->
<testsuite skipped="0" hostname="AUY-LT-103" name="test.twitter.TestCaptureMention" tests="3" failures="0" timestamp="18 Jul 2018 23:50:12 GMT" time="117.616" errors="0">
  <testcase name="test_CaptureTweet" time="89.244" classname="test.twitter.TestCaptureMention"/>
  <testcase name="test_FlagMention" time="14.216" classname="test.twitter.TestCaptureMention"/>
  <testcase name="test_UnflagMention" time="14.156" classname="test.twitter.TestCaptureMention"/>
</testsuite> <!-- test.twitter.TestCaptureMention -->
