<?xml version="1.0" encoding="UTF-8"?>
<!-- Generated by org.testng.reporters.JUnitReportReporter -->
<testsuite skipped="0" hostname="AUY-LT-103" name="test.TestEditCommentOnQuestion" tests="1" failures="0" timestamp="12 Sep 2018 13:00:57 GMT" time="84.480" errors="0">
  <testcase name="test_Edit_Comment_Question" time="84.480" classname="test.TestEditCommentOnQuestion"/>
</testsuite> <!-- test.TestEditCommentOnQuestion -->
