<?xml version="1.0" encoding="UTF-8"?>
<!-- Generated by org.testng.reporters.JUnitReportReporter -->
<testsuite skipped="0" hostname="AUY-LT-103" name="test.TestEditPost" tests="1" failures="0" timestamp="20 Sep 2018 14:27:35 GMT" time="72.490" errors="0">
  <testcase name="test_Edit_Chatter_Post" time="72.490" classname="test.TestEditPost"/>
</testsuite> <!-- test.TestEditPost -->
