<?xml version="1.0" encoding="UTF-8"?>
<!-- Generated by org.testng.reporters.JUnitReportReporter -->
<testsuite skipped="0" hostname="AUY-LT-103" name="test.TestDeletePostWithAttachment" tests="1" failures="0" timestamp="11 Sep 2018 14:50:28 GMT" time="84.460" errors="0">
  <testcase name="test_Delete_Chatter_Post_Attachment" time="84.460" classname="test.TestDeletePostWithAttachment"/>
</testsuite> <!-- test.TestDeletePostWithAttachment -->
