<?xml version="1.0" encoding="UTF-8"?>
<!-- Generated by org.testng.reporters.JUnitReportReporter -->
<testsuite skipped="0" hostname="AUY-LT-103" name="test.twitter.TestCreateAnArchiveCapture" tests="1" failures="0" timestamp="19 Jul 2018 17:22:29 GMT" time="91.191" errors="0">
  <testcase name="test_Create_Archive_Capture" time="91.191" classname="test.twitter.TestCreateAnArchiveCapture"/>
</testsuite> <!-- test.twitter.TestCreateAnArchiveCapture -->
