<?xml version="1.0" encoding="UTF-8"?>
<!-- Generated by org.testng.reporters.JUnitReportReporter -->
<testsuite skipped="0" hostname="AUY-LT-103" name="test.twitter.TestCreateAnArchiveEdit" tests="1" failures="0" timestamp="18 Jul 2018 13:12:14 GMT" time="90.056" errors="0">
  <testcase name="test_Create_Archive_Edit" time="90.056" classname="test.twitter.TestCreateAnArchiveEdit"/>
</testsuite> <!-- test.twitter.TestCreateAnArchiveEdit -->
