<?xml version="1.0" encoding="UTF-8"?>
<!-- Generated by org.testng.reporters.JUnitReportReporter -->
<testsuite skipped="0" hostname="AUY-LT-103" name="test.TestCreatePost" tests="1" failures="0" timestamp="26 Jul 2018 13:26:57 GMT" time="40.743" errors="0">
  <testcase name="test_Create_Chatter_Post" time="40.743" classname="test.TestCreatePost"/>
</testsuite> <!-- test.TestCreatePost -->
