<?xml version="1.0" encoding="UTF-8"?>
<!-- Generated by org.testng.reporters.JUnitReportReporter -->
<testsuite skipped="0" hostname="AUY-LT-103" name="test.TestEditPost" tests="1" failures="0" timestamp="31 Aug 2018 13:23:58 GMT" time="68.759" errors="0">
  <testcase name="test_Create_Chatter_Post" time="68.759" classname="test.TestEditPost"/>
</testsuite> <!-- test.TestEditPost -->
