<?xml version="1.0" encoding="UTF-8"?>
<!-- Generated by org.testng.reporters.JUnitReportReporter -->
<testsuite skipped="0" hostname="AUY-LT-224" name="test.TestDeletePoll" tests="1" failures="0" timestamp="10 Jan 2019 16:08:28 GMT" time="89.585" errors="0">
  <testcase name="test_Delete_Chatter_Poll" time="89.585" classname="test.TestDeletePoll"/>
</testsuite> <!-- test.TestDeletePoll -->
