<?xml version="1.0" encoding="UTF-8"?>
<!-- Generated by org.testng.reporters.JUnitReportReporter -->
<testsuite skipped="0" hostname="AUY-LT-103" name="test.TestEditCommentOnPost" tests="1" failures="0" timestamp="04 Sep 2018 14:01:16 GMT" time="90.000" errors="0">
  <testcase name="test_Create_Chatter_Post" time="90.000" classname="test.TestEditCommentOnPost"/>
</testsuite> <!-- test.TestEditCommentOnPost -->
