<?xml version="1.0" encoding="UTF-8"?>
<!-- Generated by org.testng.reporters.JUnitReportReporter -->
<testsuite skipped="0" hostname="AUY-LT-103" name="test.TestEditPost" tests="1" failures="0" timestamp="12 Sep 2018 13:05:43 GMT" time="73.449" errors="0">
  <testcase name="test_Edit_Chatter_Post" time="73.449" classname="test.TestEditPost"/>
</testsuite> <!-- test.TestEditPost -->
