<?xml version="1.0" encoding="UTF-8"?>
<!-- Generated by org.testng.reporters.JUnitReportReporter -->
<testsuite skipped="0" hostname="AUY-LT-103" name="test.TestCreateQuestionWithAttachment" tests="1" failures="0" timestamp="06 Sep 2018 15:08:26 GMT" time="68.456" errors="0">
  <testcase name="test_Create_Chatter_Post" time="68.456" classname="test.TestCreateQuestionWithAttachment"/>
</testsuite> <!-- test.TestCreateQuestionWithAttachment -->
