<?xml version="1.0" encoding="UTF-8"?>
<!-- Generated by org.testng.reporters.JUnitReportReporter -->
<testsuite skipped="0" hostname="AUY-LT-103" name="test.TestDeleteCommentOnPost" tests="1" failures="0" timestamp="06 Sep 2018 15:27:12 GMT" time="86.141" errors="0">
  <testcase name="test_Delete_Comment_Poll" time="86.141" classname="test.TestDeleteCommentOnPost"/>
</testsuite> <!-- test.TestDeleteCommentOnPost -->
