<?xml version="1.0" encoding="UTF-8"?>
<!-- Generated by org.testng.reporters.JUnitReportReporter -->
<testsuite skipped="0" hostname="AUY-LT-103" name="test.twitter.TestCreateAnArchiveThatExists" tests="1" failures="0" timestamp="18 Jul 2018 13:16:43 GMT" time="126.082" errors="0">
  <testcase name="test_Create_Archive_That_Exists" time="126.082" classname="test.twitter.TestCreateAnArchiveThatExists"/>
</testsuite> <!-- test.twitter.TestCreateAnArchiveThatExists -->
