<?xml version="1.0" encoding="UTF-8"?>
<!-- Generated by org.testng.reporters.JUnitReportReporter -->
<testsuite skipped="0" hostname="AUY-LT-103" name="test.TestCreatePost" tests="1" failures="0" timestamp="20 Sep 2018 14:27:36 GMT" time="46.516" errors="0">
  <testcase name="test_Create_Chatter_Post" time="46.516" classname="test.TestCreatePost"/>
</testsuite> <!-- test.TestCreatePost -->
