<?xml version="1.0" encoding="UTF-8"?>
<!-- Generated by org.testng.reporters.JUnitReportReporter -->
<testsuite skipped="0" hostname="Diego" name="test.TestEditPost" tests="1" failures="0" timestamp="26 Aug 2018 12:51:10 GMT" time="80.379" errors="0">
  <testcase name="test_Create_Chatter_Post" time="80.379" classname="test.TestEditPost"/>
</testsuite> <!-- test.TestEditPost -->
