<?xml version="1.0" encoding="UTF-8"?>
<!-- Generated by org.testng.reporters.JUnitReportReporter -->
<testsuite skipped="0" hostname="Diego" name="test.TestCreatePost" tests="1" failures="0" timestamp="24 Aug 2018 11:24:07 GMT" time="50.526" errors="0">
  <testcase name="test_Create_Chatter_Post" time="50.526" classname="test.TestCreatePost"/>
</testsuite> <!-- test.TestCreatePost -->
