<?xml version="1.0" encoding="UTF-8"?>
<!-- Generated by org.testng.reporters.JUnitReportReporter -->
<testsuite skipped="0" hostname="AUY-LT-103" name="test.twitter.TestCaptureReply2" tests="1" failures="0" timestamp="16 Jul 2018 15:22:18 GMT" time="56.157" errors="0">
  <testcase name="test_Capture_Reply2" time="56.157" classname="test.twitter.TestCaptureReply2"/>
</testsuite> <!-- test.twitter.TestCaptureReply2 -->
