<?xml version="1.0" encoding="UTF-8"?>
<!-- Generated by org.testng.reporters.JUnitReportReporter -->
<testsuite skipped="0" hostname="AUY-LT-103" name="test.TestCreateLotsOfPosts" tests="1" failures="0" timestamp="12 Sep 2018 13:13:06 GMT" time="82.151" errors="0">
  <testcase name="test_Create_Lots_Post" time="82.151" classname="test.TestCreateLotsOfPosts"/>
</testsuite> <!-- test.TestCreateLotsOfPosts -->
