<?xml version="1.0" encoding="UTF-8"?>
<!-- Generated by org.testng.reporters.JUnitReportReporter -->
<testsuite skipped="0" hostname="AUY-LT-103" name="test.TestCreateCommentOnPost" tests="1" failures="0" timestamp="12 Sep 2018 13:00:57 GMT" time="67.217" errors="0">
  <testcase name="test_Create_Comment_Post" time="67.217" classname="test.TestCreateCommentOnPost"/>
</testsuite> <!-- test.TestCreateCommentOnPost -->
