<?xml version="1.0" encoding="UTF-8"?>
<!-- Generated by org.testng.reporters.JUnitReportReporter -->
<testsuite skipped="0" hostname="AUY-LT-103" name="test.TestEditQuestion" tests="1" failures="0" timestamp="31 Aug 2018 13:42:08 GMT" time="49.827" errors="0">
  <testcase name="test_Create_Chatter_Post" time="49.827" classname="test.TestEditQuestion"/>
</testsuite> <!-- test.TestEditQuestion -->
