<?xml version="1.0" encoding="UTF-8"?>
<!-- Generated by org.testng.reporters.JUnitReportReporter -->
<testsuite skipped="0" hostname="AUY-LT-103" name="test.TestEditCommentOnPoll" tests="1" failures="0" timestamp="04 Sep 2018 13:57:37 GMT" time="94.934" errors="0">
  <testcase name="test_Create_Chatter_Post" time="94.934" classname="test.TestEditCommentOnPoll"/>
</testsuite> <!-- test.TestEditCommentOnPoll -->
