<?xml version="1.0" encoding="UTF-8"?>
<!-- Generated by org.testng.reporters.JUnitReportReporter -->
<testsuite skipped="0" hostname="Diego" name="test.TestCreateCommentOnPost" tests="1" failures="0" timestamp="24 Aug 2018 12:08:44 GMT" time="64.510" errors="0">
  <testcase name="test_Create_Chatter_Post" time="64.510" classname="test.TestCreateCommentOnPost"/>
</testsuite> <!-- test.TestCreateCommentOnPost -->
