<?xml version="1.0" encoding="UTF-8"?>
<!-- Generated by org.testng.reporters.JUnitReportReporter -->
<testsuite skipped="0" hostname="AUY-LT-103" name="test.twitter.TestCreateArchiveValidateNoUrlError" tests="1" failures="0" timestamp="17 Jul 2018 15:54:40 GMT" time="13.576" errors="0">
  <testcase name="test_Create_Archive_Validate_No_Url" time="13.576" classname="test.twitter.TestCreateArchiveValidateNoUrlError"/>
</testsuite> <!-- test.twitter.TestCreateArchiveValidateNoUrlError -->
