<?xml version="1.0" encoding="UTF-8"?>
<!-- Generated by org.testng.reporters.JUnitReportReporter -->
<testsuite skipped="0" hostname="AUY-LT-103" name="test.TestDeleteCommentOnPost" tests="1" failures="0" timestamp="11 Sep 2018 14:50:29 GMT" time="89.890" errors="0">
  <testcase name="test_Delete_Comment_Post" time="89.890" classname="test.TestDeleteCommentOnPost"/>
</testsuite> <!-- test.TestDeleteCommentOnPost -->
