<?xml version="1.0" encoding="UTF-8"?>
<!-- Generated by org.testng.reporters.JUnitReportReporter -->
<testsuite skipped="0" hostname="AUY-LT-103" name="test.TestDeleteQuestionWithAttachment" tests="1" failures="0" timestamp="11 Sep 2018 14:50:28 GMT" time="85.469" errors="0">
  <testcase name="test_Delete_Chatter_Question_Attachment" time="85.469" classname="test.TestDeleteQuestionWithAttachment"/>
</testsuite> <!-- test.TestDeleteQuestionWithAttachment -->
