<?xml version="1.0" encoding="UTF-8"?>
<!-- Generated by org.testng.reporters.JUnitReportReporter -->
<testsuite skipped="0" hostname="AUY-LT-103" name="test.TestCreateQuestionWithAttachment" tests="1" failures="0" timestamp="20 Sep 2018 14:27:36 GMT" time="65.554" errors="0">
  <testcase name="test_Create_Chatter_Question_Attachment" time="65.554" classname="test.TestCreateQuestionWithAttachment"/>
</testsuite> <!-- test.TestCreateQuestionWithAttachment -->
