<?xml version="1.0" encoding="UTF-8"?>
<!-- Generated by org.testng.reporters.JUnitReportReporter -->
<testsuite skipped="0" hostname="Diego" name="test.TestCreateCommentOnQuestion" tests="1" failures="0" timestamp="24 Aug 2018 13:25:29 GMT" time="61.659" errors="0">
  <testcase name="test_Create_Chatter_Post" time="61.659" classname="test.TestCreateCommentOnQuestion"/>
</testsuite> <!-- test.TestCreateCommentOnQuestion -->
