<?xml version="1.0" encoding="UTF-8"?>
<!-- Generated by org.testng.reporters.JUnitReportReporter -->
<testsuite skipped="0" hostname="AUY-LT-103" name="test.TestDeleteCommentOnQuestion" tests="1" failures="0" timestamp="04 Sep 2018 15:05:04 GMT" time="59.145" errors="0">
  <testcase name="test_Create_Chatter_Post" time="59.145" classname="test.TestDeleteCommentOnQuestion"/>
</testsuite> <!-- test.TestDeleteCommentOnQuestion -->
