<?xml version="1.0" encoding="UTF-8"?>
<!-- Generated by org.testng.reporters.JUnitReportReporter -->
<testsuite skipped="0" hostname="AUY-LT-103" name="test.TestCreateCommentOnPoll" tests="1" failures="0" timestamp="11 Sep 2018 14:50:29 GMT" time="63.530" errors="0">
  <testcase name="test_Create_Comment_Poll" time="63.530" classname="test.TestCreateCommentOnPoll"/>
</testsuite> <!-- test.TestCreateCommentOnPoll -->
