<?xml version="1.0" encoding="UTF-8"?>
<!-- Generated by org.testng.reporters.JUnitReportReporter -->
<testsuite skipped="0" hostname="AUY-LT-103" name="test.twitter.TestCaptureRetweet" tests="3" failures="0" timestamp="20 Jul 2018 12:40:04 GMT" time="148.954" errors="0">
  <testcase name="test_Capture_Reply2" time="104.738" classname="test.twitter.TestCaptureRetweet"/>
  <testcase name="test_FlagRetweet" time="18.483" classname="test.twitter.TestCaptureRetweet"/>
  <testcase name="test_UnflagRetweet" time="25.733" classname="test.twitter.TestCaptureRetweet"/>
</testsuite> <!-- test.twitter.TestCaptureRetweet -->
