<?xml version="1.0" encoding="UTF-8"?>
<!-- Generated by org.testng.reporters.JUnitReportReporter -->
<testsuite skipped="0" hostname="AUY-LT-103" name="test.TestCreatePostWithAttachment" tests="1" failures="0" timestamp="06 Sep 2018 15:01:56 GMT" time="67.129" errors="0">
  <testcase name="test_Create_Chatter_Post" time="67.129" classname="test.TestCreatePostWithAttachment"/>
</testsuite> <!-- test.TestCreatePostWithAttachment -->
