<?xml version="1.0" encoding="UTF-8"?>
<!-- Generated by org.testng.reporters.JUnitReportReporter -->
<testsuite skipped="0" hostname="AUY-LT-103" name="test.TestDeleteCommentOnQuestion" tests="1" failures="0" timestamp="12 Sep 2018 13:00:57 GMT" time="76.827" errors="0">
  <testcase name="test_Delete_Comment_Question" time="76.827" classname="test.TestDeleteCommentOnQuestion"/>
</testsuite> <!-- test.TestDeleteCommentOnQuestion -->
