<?xml version="1.0" encoding="UTF-8"?>
<!-- Generated by org.testng.reporters.JUnitReportReporter -->
<testsuite skipped="0" hostname="AUY-LT-103" name="test.twitter.TestCaptureTweet" tests="1" failures="0" timestamp="18 Jul 2018 12:03:15 GMT" time="38.918" errors="0">
  <testcase name="test_CaptureTweet" time="38.918" classname="test.twitter.TestCaptureTweet"/>
</testsuite> <!-- test.twitter.TestCaptureTweet -->
