<?xml version="1.0" encoding="UTF-8"?>
<!-- Generated by org.testng.reporters.JUnitReportReporter -->
<testsuite skipped="0" hostname="AUY-LT-103" name="test.twitter.TestCaptureReply" tests="1" failures="0" timestamp="18 Jul 2018 12:00:03 GMT" time="54.262" errors="0">
  <testcase name="test_Capture_Reply2" time="54.262" classname="test.twitter.TestCaptureReply"/>
</testsuite> <!-- test.twitter.TestCaptureReply -->
