<?xml version="1.0" encoding="UTF-8"?>
<!-- Generated by org.testng.reporters.JUnitReportReporter -->
<testsuite skipped="0" hostname="AUY-LT-103" name="test.twitter.TestExportArchiveCurrentView" tests="1" failures="0" timestamp="20 Jul 2018 13:03:45 GMT" time="62.910" errors="0">
  <testcase name="test_ExportArchiveCurrentView" time="62.910" classname="test.twitter.TestExportArchiveCurrentView"/>
</testsuite> <!-- test.twitter.TestExportArchiveCurrentView -->
