<?xml version="1.0" encoding="UTF-8"?>
<!-- Generated by org.testng.reporters.JUnitReportReporter -->
<testsuite skipped="0" hostname="AUY-LT-103" name="test.TestCreatePoll" tests="1" failures="0" timestamp="04 Sep 2018 13:55:30 GMT" time="52.914" errors="0">
  <testcase name="test_Create_Chatter_Post" time="52.914" classname="test.TestCreatePoll"/>
</testsuite> <!-- test.TestCreatePoll -->
