<?xml version="1.0" encoding="UTF-8"?>
<!-- Generated by org.testng.reporters.JUnitReportReporter -->
<testsuite skipped="0" hostname="AUY-LT-103" name="test.TestDeleteCommentOnQuestion" tests="1" failures="0" timestamp="11 Sep 2018 14:50:28 GMT" time="70.405" errors="0">
  <testcase name="test_Delete_Comment_Question" time="70.405" classname="test.TestDeleteCommentOnQuestion"/>
</testsuite> <!-- test.TestDeleteCommentOnQuestion -->
