<?xml version="1.0" encoding="UTF-8"?>
<!-- Generated by org.testng.reporters.JUnitReportReporter -->
<testsuite skipped="0" hostname="AUY-LT-103" name="test.TestCreateCommentOnPoll" tests="1" failures="0" timestamp="04 Sep 2018 13:55:30 GMT" time="65.773" errors="0">
  <testcase name="test_Create_Chatter_Post" time="65.773" classname="test.TestCreateCommentOnPoll"/>
</testsuite> <!-- test.TestCreateCommentOnPoll -->
