<?xml version="1.0" encoding="UTF-8"?>
<!-- Generated by org.testng.reporters.JUnitReportReporter -->
<testsuite skipped="0" hostname="AUY-LT-103" name="test.twitter.TestCaptureMessages" tests="1" failures="0" timestamp="18 Jul 2018 11:43:17 GMT" time="44.953" errors="0">
  <testcase name="test_CaptureTweet" time="44.953" classname="test.twitter.TestCaptureMessages"/>
</testsuite> <!-- test.twitter.TestCaptureMessages -->
