<?xml version="1.0" encoding="UTF-8"?>
<!-- Generated by org.testng.reporters.JUnitReportReporter -->
<testsuite skipped="0" hostname="AUY-LT-103" name="test.TestDeleteQuestionWithAttachment" tests="1" failures="0" timestamp="20 Sep 2018 14:27:35 GMT" time="85.234" errors="0">
  <testcase name="test_Delete_Chatter_Question_Attachment" time="85.234" classname="test.TestDeleteQuestionWithAttachment"/>
</testsuite> <!-- test.TestDeleteQuestionWithAttachment -->
