<?xml version="1.0" encoding="UTF-8"?>
<!-- Generated by org.testng.reporters.JUnitReportReporter -->
<testsuite skipped="0" hostname="AUY-LT-103" name="test.twitter.TestCreateAnArchiveDelete" tests="1" failures="0" timestamp="19 Jul 2018 17:29:39 GMT" time="91.101" errors="0">
  <testcase name="test_Create_Archive_Delete" time="91.101" classname="test.twitter.TestCreateAnArchiveDelete"/>
</testsuite> <!-- test.twitter.TestCreateAnArchiveDelete -->
