<?xml version="1.0" encoding="UTF-8"?>
<!-- Generated by org.testng.reporters.JUnitReportReporter -->
<testsuite skipped="0" hostname="AUY-LT-103" name="test.TestEditCommentOnQuestion" tests="1" failures="0" timestamp="05 Sep 2018 11:17:53 GMT" time="81.364" errors="0">
  <testcase name="test_Create_Chatter_Post" time="81.364" classname="test.TestEditCommentOnQuestion"/>
</testsuite> <!-- test.TestEditCommentOnQuestion -->
