<?xml version="1.0" encoding="UTF-8"?>
<!-- Generated by org.testng.reporters.JUnitReportReporter -->
<testsuite skipped="0" hostname="AUY-LT-103" name="test.TestEditCommentOnPost" tests="1" failures="0" timestamp="12 Sep 2018 13:00:57 GMT" time="92.177" errors="0">
  <testcase name="test_Edit_Comment_Post" time="92.177" classname="test.TestEditCommentOnPost"/>
</testsuite> <!-- test.TestEditCommentOnPost -->
