<?xml version="1.0" encoding="UTF-8"?>
<!-- Generated by org.testng.reporters.JUnitReportReporter -->
<testsuite skipped="0" hostname="AUY-LT-103" name="test.TestDeleteCommentOnQuestion" tests="1" failures="0" timestamp="20 Sep 2018 14:27:35 GMT" time="69.617" errors="0">
  <testcase name="test_Delete_Comment_Question" time="69.617" classname="test.TestDeleteCommentOnQuestion"/>
</testsuite> <!-- test.TestDeleteCommentOnQuestion -->
