<?xml version="1.0" encoding="UTF-8"?>
<!-- Generated by org.testng.reporters.JUnitReportReporter -->
<testsuite skipped="0" hostname="AUY-LT-103" name="test.TestCreateCommentOnQuestion" tests="1" failures="0" timestamp="11 Sep 2018 14:50:28 GMT" time="50.624" errors="0">
  <testcase name="test_Create_Comment_Question" time="50.624" classname="test.TestCreateCommentOnQuestion"/>
</testsuite> <!-- test.TestCreateCommentOnQuestion -->
