<?xml version="1.0" encoding="UTF-8"?>
<!-- Generated by org.testng.reporters.JUnitReportReporter -->
<testsuite skipped="0" hostname="AUY-LT-103" name="test.TestCreateLotsOfPosts" tests="1" failures="0" timestamp="04 Sep 2018 15:17:15 GMT" time="38.359" errors="0">
  <testcase name="test_Create_Chatter_Post" time="38.359" classname="test.TestCreateLotsOfPosts"/>
</testsuite> <!-- test.TestCreateLotsOfPosts -->
