<?xml version="1.0" encoding="UTF-8"?>
<!-- Generated by org.testng.reporters.JUnitReportReporter -->
<testsuite skipped="0" hostname="AUY-LT-103" name="test.TestCreateCommentOnPost" tests="1" failures="0" timestamp="20 Sep 2018 14:27:35 GMT" time="64.863" errors="0">
  <testcase name="test_Create_Comment_Post" time="64.863" classname="test.TestCreateCommentOnPost"/>
</testsuite> <!-- test.TestCreateCommentOnPost -->
