<?xml version="1.0" encoding="UTF-8"?>
<!-- Generated by org.testng.reporters.JUnitReportReporter -->
<testsuite skipped="0" hostname="AUY-LT-103" name="test.TestDeleteCommentOnPoll" tests="1" failures="0" timestamp="04 Sep 2018 15:07:10 GMT" time="64.317" errors="0">
  <testcase name="test_Create_Chatter_Post" time="64.317" classname="test.TestDeleteCommentOnPoll"/>
</testsuite> <!-- test.TestDeleteCommentOnPoll -->
