<?xml version="1.0" encoding="UTF-8"?>
<!-- Generated by org.testng.reporters.JUnitReportReporter -->
<testsuite skipped="0" hostname="AUY-LT-103" name="test.TestEditCommentOnQuestion" tests="1" failures="0" timestamp="06 Sep 2018 15:15:33 GMT" time="119.468" errors="0">
  <testcase name="test_Create_Chatter_Post" time="119.468" classname="test.TestEditCommentOnQuestion"/>
</testsuite> <!-- test.TestEditCommentOnQuestion -->
