<?xml version="1.0" encoding="UTF-8"?>
<!-- Generated by org.testng.reporters.JUnitReportReporter -->
<testsuite skipped="0" hostname="AUY-LT-103" name="test.TestCreateCommentOnQuestion" tests="1" failures="0" timestamp="04 Sep 2018 13:55:30 GMT" time="52.238" errors="0">
  <testcase name="test_Create_Chatter_Post" time="52.238" classname="test.TestCreateCommentOnQuestion"/>
</testsuite> <!-- test.TestCreateCommentOnQuestion -->
